info: Server started at http://localhost:8000/instaFinn/ {"timestamp":"2025-07-18T02:52:31.825Z"}
info: Connected to the database. {"timestamp":"2025-07-18T02:52:32.064Z"}
info: Server started at http://localhost:8000/instaFinn/ {"timestamp":"2025-07-18T03:33:37.430Z"}
info: Connected to the database. {"timestamp":"2025-07-18T03:33:37.540Z"}
info: Server started at http://localhost:8000/instaFinn/ {"timestamp":"2025-07-18T03:38:05.316Z"}
info: Connected to the database. {"timestamp":"2025-07-18T03:38:05.375Z"}
info: Server started at http://localhost:8000/instaFinn/ {"timestamp":"2025-07-18T03:38:14.675Z"}
info: Connected to the database. {"timestamp":"2025-07-18T03:38:14.708Z"}
info: Server started at http://localhost:8000/instaFinn/ {"timestamp":"2025-07-18T03:50:26.183Z"}
info: Connected to the database. {"timestamp":"2025-07-18T03:50:26.226Z"}
info: Server started at http://localhost:8000/instaFinn/ {"timestamp":"2025-07-18T04:55:52.048Z"}
info: Connected to the database. {"timestamp":"2025-07-18T04:55:52.099Z"}
info: Server started at http://localhost:8000/instaFinn/ {"timestamp":"2025-07-18T04:56:34.924Z"}
info: Connected to the database. {"timestamp":"2025-07-18T04:56:34.952Z"}
info: Server started at http://localhost:8000/instaFinn/ {"timestamp":"2025-07-18T04:57:05.244Z"}
info: Connected to the database. {"timestamp":"2025-07-18T04:57:05.323Z"}
info: Server started at http://localhost:8000/instaFinn/ {"timestamp":"2025-07-18T04:58:12.796Z"}
info: Connected to the database. {"timestamp":"2025-07-18T04:58:12.868Z"}
info: Server started at http://localhost:8000/instaFinn/ {"timestamp":"2025-07-18T05:06:44.566Z"}
info: Connected to the database. {"timestamp":"2025-07-18T05:06:44.625Z"}
info: Server started at http://localhost:8000/instaFinn/ {"timestamp":"2025-07-18T05:06:58.660Z"}
info: Connected to the database. {"timestamp":"2025-07-18T05:06:58.727Z"}
info: Server started at http://localhost:8000/instaFinn/ {"timestamp":"2025-07-18T05:07:48.469Z"}
info: Connected to the database. {"timestamp":"2025-07-18T05:07:48.508Z"}
info: Server started at http://localhost:8000/instaFinn/ {"timestamp":"2025-07-18T05:08:25.051Z"}
info: Connected to the database. {"timestamp":"2025-07-18T05:08:25.104Z"}
error: 
    status - 500 
    message - MulterError: File too large
    at abortWithCode (C:\Users\Admin\Downloads\InstaFinn-dev\InstaFinn-dev\backend\node_modules\multer\lib\make-middleware.js:85:22)
    at FileStream.<anonymous> (C:\Users\Admin\Downloads\InstaFinn-dev\InstaFinn-dev\backend\node_modules\multer\lib\make-middleware.js:150:11)
    at FileStream.emit (node:events:518:28)
    at FileStream.emit (node:domain:489:12)
    at SBMH.ssCb [as _cb] (C:\Users\Admin\Downloads\InstaFinn-dev\InstaFinn-dev\backend\node_modules\busboy\lib\types\multipart.js:479:32)
    at feed (C:\Users\Admin\Downloads\InstaFinn-dev\InstaFinn-dev\backend\node_modules\streamsearch\lib\sbmh.js:248:10)
    at SBMH.push (C:\Users\Admin\Downloads\InstaFinn-dev\InstaFinn-dev\backend\node_modules\streamsearch\lib\sbmh.js:104:16)
    at Multipart._write (C:\Users\Admin\Downloads\InstaFinn-dev\InstaFinn-dev\backend\node_modules\busboy\lib\types\multipart.js:567:19)
    at writeOrBuffer (node:internal/streams/writable:572:12)
    at _write (node:internal/streams/writable:501:10)
    at Multipart.Writable.write (node:internal/streams/writable:510:10)
    at IncomingMessage.ondata (node:internal/streams/readable:1009:22)
    at IncomingMessage.emit (node:events:518:28)
    at IncomingMessage.emit (node:domain:489:12)
    at addChunk (node:internal/streams/readable:561:12)
    at readableAddChunkPushByteMode (node:internal/streams/readable:512:3)
    at IncomingMessage.Readable.push (node:internal/streams/readable:392:5)
    at HTTPParser.parserOnBody (node:_http_common:129:24) 
    url - /instaFinn/loans/6879d1164997412460588a02 
    method - PUT 
    IP - ::1
   {"timestamp":"2025-07-18T05:13:31.719Z"}
info: Server started at http://localhost:8000/instaFinn/ {"timestamp":"2025-07-18T05:16:15.513Z"}
info: Connected to the database. {"timestamp":"2025-07-18T05:16:15.554Z"}
info: Server started at http://localhost:8000/instaFinn/ {"timestamp":"2025-07-18T06:16:19.209Z"}
info: Connected to the database. {"timestamp":"2025-07-18T06:16:19.253Z"}
info: Server started at http://localhost:8000/instaFinn/ {"timestamp":"2025-07-18T06:28:02.953Z"}
info: Connected to the database. {"timestamp":"2025-07-18T06:28:03.004Z"}
info: Server started at http://localhost:8000/instaFinn/ {"timestamp":"2025-07-18T06:31:01.761Z"}
info: Connected to the database. {"timestamp":"2025-07-18T06:31:01.835Z"}
info: Server started at http://localhost:8000/instaFinn/ {"timestamp":"2025-07-18T06:31:08.926Z"}
info: Connected to the database. {"timestamp":"2025-07-18T06:31:08.963Z"}
info: Server started at http://localhost:8000/instaFinn/ {"timestamp":"2025-07-18T06:33:04.761Z"}
info: Connected to the database. {"timestamp":"2025-07-18T06:33:04.797Z"}
info: Server started at http://localhost:8000/instaFinn/ {"timestamp":"2025-07-18T07:00:07.340Z"}
info: Connected to the database. {"timestamp":"2025-07-18T07:00:07.384Z"}
info: Server started at http://localhost:8000/instaFinn/ {"timestamp":"2025-07-18T07:05:58.284Z"}
info: Connected to the database. {"timestamp":"2025-07-18T07:05:58.327Z"}
info: Server started at http://localhost:8000/instaFinn/ {"timestamp":"2025-07-18T07:10:11.328Z"}
info: Connected to the database. {"timestamp":"2025-07-18T07:10:11.376Z"}
info: Server started at http://localhost:8000/instaFinn/ {"timestamp":"2025-07-18T07:10:25.489Z"}
info: Connected to the database. {"timestamp":"2025-07-18T07:10:25.541Z"}
info: Server started at http://localhost:8000/instaFinn/ {"timestamp":"2025-07-18T07:20:21.849Z"}
info: Connected to the database. {"timestamp":"2025-07-18T07:20:21.888Z"}
info: Server started at http://localhost:8000/instaFinn/ {"timestamp":"2025-07-18T07:22:45.057Z"}
info: Connected to the database. {"timestamp":"2025-07-18T07:22:45.143Z"}
info: Server started at http://localhost:8000/instaFinn/ {"timestamp":"2025-07-18T07:31:56.516Z"}
info: Connected to the database. {"timestamp":"2025-07-18T07:31:56.589Z"}
